{
  "stats": {
    "suites": 1,
    "tests": 2,
    "passes": 0,
    "pending": 0,
    "failures": 2,
    "start": "2023-10-03T13:59:12.001Z",
    "end": "2023-10-03T13:59:36.494Z",
    "duration": 24493,
    "testsRegistered": 2,
    "passPercent": 0,
    "pendingPercent": 0,
    "other": 0,
    "hasOther": false,
    "skipped": 0,
    "hasSkipped": false
  },
  "results": [
    {
      "uuid": "6952514b-3316-43fc-b9c1-ef497c1ad76e",
      "title": "",
      "fullFile": "cypress/e2e/ExistingMember.feature",
      "file": "cypress/e2e/ExistingMember.feature",
      "beforeHooks": [],
      "afterHooks": [],
      "tests": [],
      "suites": [
        {
          "uuid": "c781b17c-b6f2-4769-8af0-c8123e613529",
          "title": "Accept member invitation",
          "fullFile": "",
          "file": "",
          "beforeHooks": [],
          "afterHooks": [],
          "tests": [
            {
              "title": "Existing user when he has already an account",
              "fullTitle": "Accept member invitation Existing user when he has already an account",
              "timedOut": null,
              "duration": 5485,
              "state": "failed",
              "speed": null,
              "pass": false,
              "fail": true,
              "pending": false,
              "context": null,
              "code": "const state = window.testState;\nreturn cy\n  .then(() => state.onStartScenario(scenario, indexedSteps))\n  .then(() =>\n    resolveAndRunBeforeHooks.call(this, scenario.tags, state.feature.name)\n  )\n  .then(() =>\n    indexedSteps.forEach((step) =>\n      stepTest.call(this, state, step, rowData)\n    )\n  )\n  .then(() => state.onFinishScenario(scenario));",
              "err": {
                "message": "AssertionError: Timed out retrying after 4000ms: Unable to find an element with the text: You've Been Invited!. This could be because the text is broken up by multiple elements. In this case, you can provide a function for your text matcher to make your matcher more flexible.\n\nIgnored nodes: comments, script, style\n<html\n  lang=\"en\"\n>\n  <head>\n     \n    \n    \n    \n\n    \n    \n\n    \n    <link\n      crossorigin=\"\"\n      href=\"https://fonts.gstatic.com/\"\n      rel=\"preconnect\"\n    />\n    \n    \n    <link\n      as=\"style\"\n      href=\"https://fonts.googleapis.com/css2?family=Quattrocento&family=PT Mono&display=swap\"\n      onload=\"this.rel='stylesheet'\"\n      rel=\"stylesheet\"\n    />\n    \n\n    \n    <meta\n      charset=\"UTF-8\"\n    />\n    \n    \n    <meta\n      content=\"width=device-width, initial-scale=1.0\"\n      name=\"viewport\"\n    />\n    \n    \n    <title>\n      Ensign by Rotational Labs\n    </title>\n    \n    \n    <meta\n      content=\"Ensign by Rotational Labs\"\n      name=\"description\"\n    />\n    \n\n    \n    <link\n      href=\"/apple-touch-icon.png\"\n      rel=\"apple-touch-icon\"\n    />\n    \n    \n    <link\n      href=\"/favicon-32x32.png\"\n      rel=\"icon\"\n      sizes=\"32x32\"\n      type=\"image/png\"\n    />\n    \n    \n    <link\n      href=\"/favicon-16x16.png\"\n      rel=\"icon\"\n      sizes=\"16x16\"\n      type=\"image/png\"\n    />\n    \n    \n    <link\n      href=\"/manifest.json\"\n      rel=\"manifest\"\n    />\n    \n    \n    <link\n      color=\"#5bbad5\"\n      href=\"/safari-pinned-tab.svg\"\n      rel=\"mask-icon\"\n    />\n    \n\n    \n    <meta\n      content=\"#da532c\"\n      name=\"msapplication-TileColor\"\n    />\n    \n    \n    <meta\n      content=\"#ffffff\"\n      name=\"theme-color\"\n    />\n    \n\n    \n    <meta\n      content=\"website\"\n      property=\"og:type\"\n    />\n    \n    \n    <meta\n      content=\"Ensign by Rotational Labs\"\n      property=\"og:title\"\n    />\n    \n    \n    <meta\n      content=\"Ensign by Rotational Labs\"\n      property=\"og:description\"\n    />\n    \n    \n    <meta\n      content=\"/logo.png\"\n      property=\"og:image\"\n    />\n    \n\n    \n    <meta\n      content=\"Ensign by Rotational Labs\"\n      name=\"twitter:title\"\n    />\n    \n    \n    <meta\n      content=\"Ensign by Rotational Labs\"\n      name=\"twitter:description\"\n    />\n    \n    \n    <meta\n      content=\"/logo.png\"\n      name=\"twitter:image\"\n    />\n    \n\n    \n    <meta\n      content=\"#da532c\"\n      name=\"msapplication-TileColor\"\n    />\n    \n    \n    <meta\n      content=\"#ffffff\"\n      name=\"theme-color\"\n    />\n    \n  \n  </head>\n  \n  \n  <body>\n    \n    \n    <div\n      id=\"root\"\n      style=\"padding: 0px 0px 500px;\"\n    >\n      <aside\n        aria-label=\"React Query Devtools\"\n        class=\"ReactQueryDevtools\"\n      >\n        <div\n          aria-label=\"React Query Devtools Panel\"\n          class=\"ReactQueryDevtoolsPanel\"\n          id=\"ReactQueryDevtoolsPanel\"\n          style=\"font-size: clamp(12px, 1.5vw, 14px); font-family: sans-serif; display: flex; background-color: rgb(11, 21, 33); color: white; height: 500px; position: fixed; direction: ltr; bottom: 0px; border-top: 1px solid rgb(63, 78, 96); transform-origin: center top; box-shadow: rgba(0, 0, 0, 0.3) 0px 0px 20px; z-index: 99999; visibility: visible; transition: all 0.2s ease 0s; opacity: 1; pointer-events: all; transform: translateY(0px) scale(1); left: 0px; width: 100%; max-height: 90%;\"\n        >\n          <div\n            style=\"position: absolute; cursor: row-resize; z-index: 100000; top: 0px; margin-top: -4px; width: 100%; height: 4px;\"\n          />\n          <div\n            style=\"flex: 1 1 500px; min-height: 40%; max-height: 100%; overflow: auto; border-right: 1px solid rgb(34, 46, 62); display: flex; flex-direction: column;\"\n          >\n            <div\n              style=\"padding: 0.5em; background: rgb(19, 35, 55); display: flex; justify-content: space-between; align-items: center;\"\n            >\n              <button\n                aria-controls=\"ReactQueryDevtoolsPanel\"\n                aria-expanded=\"true\"\n                aria-haspopup=\"true\"\n                aria-label=\"Close React Query Devtools\"\n                style=\"display: inline-flex; background: none; border: 0px; padding: 0px; margin-right: 0.5em; cursor: pointer;\"\n                type=\"button\"\n              >\n                <svg\n                  aria-hidden=\"true\"\n                  height=\"40px\"\n                  version=\"1.1\"\n                  viewBox=\"0 0 190 190\"\n                  width=\"40px\"\n                >\n                  <g\n                    fill=\"none\"\n                    fill-rule=\"evenodd\"\n                    stroke=\"none\"\n                    stroke-width=\"1\"\n                  >\n                    <g\n                      transform=\"translate(-33.000000, 0.000000)\"\n                    >\n                      <path\n                        d=\"M72.7239712,61.3436237 C69.631224,46.362877 68.9675112,34.8727722 70.9666331,26.5293551 C72.1555965,21.5671678 74.3293088,17.5190846 77.6346064,14.5984631 C81.1241394,11.5150478 85.5360327,10.0020122 90.493257,10.0020122 C98.6712013,10.0020122 107.26826,13.7273214 116.455725,20.8044264 C120.20312,23.6910458 124.092437,27.170411 128.131651,31.2444746 C128.45314,30.8310265 128.816542,30.4410453 129.22143,30.0806152 C140.64098,19.9149716 150.255245,13.5989272 158.478408,11.1636507 C163.367899,9.715636 167.958526,9.57768202 172.138936,10.983031 C176.551631,12.4664684 180.06766,15.5329489 182.548314,19.8281091 C186.642288,26.9166735 187.721918,36.2310983 186.195595,47.7320243 C185.573451,52.4199112 184.50985,57.5263831 183.007094,63.0593153 C183.574045,63.1277086 184.142416,63.2532808 184.705041,63.4395297 C199.193932,68.2358678 209.453582,73.3937462 215.665021,79.2882839 C219.360669,82.7953831 221.773972,86.6998434 222.646365,91.0218204 C223.567176,95.5836746 222.669313,100.159332 220.191548,104.451297 C216.105211,111.529614 208.591643,117.11221 197.887587,121.534031 C193.589552,123.309539 188.726579,124.917559 183.293259,126.363748 C183.541176,126.92292 183.733521,127.516759 183.862138,128.139758 C186.954886,143.120505 187.618598,154.61061 185.619477,162.954027 C184.430513,167.916214 182.256801,171.964297 178.951503,174.884919 C175.46197,177.968334 171.050077,179.48137 166.092853,179.48137 C157.914908,179.48137 149.31785,175.756061 140.130385,168.678956 C136.343104,165.761613 132.410866,162.238839 128.325434,158.108619 C127.905075,158.765474 127.388968,159.376011 126.77857,159.919385 C115.35902,170.085028 105.744755,176.401073 97.5215915,178.836349 C92.6321009,180.284364 88.0414736,180.422318 83.8610636,179.016969 C79.4483686,177.533532 75.9323404,174.467051 73.4516862,170.171891 C69.3577116,163.083327 68.2780823,153.768902 69.8044053,142.267976 C70.449038,137.410634 71.56762,132.103898 73.1575891,126.339009 C72.5361041,126.276104 71.9120754,126.144816 71.2949591,125.940529 C56.8060684,121.144191 46.5464184,115.986312 40.3349789,110.091775 C36.6393312,106.584675 34.2260275,102.680215 33.3536352,98.3582381 C32.4328237,93.7963839 33.3306866,89.2207269 35.8084524,84.9287618 C39.8947886,77.8504443 47.4083565,72.2678481 58.1124133,67.8460273 C62.5385143,66.0176154 67.5637208,64.366822 73.1939394,62.8874674 C72.9933393,62.3969171 72.8349374,61.8811235 72.7239712,61.3436237 Z\"\n                        fill=\"#002C4B\"\n                        fill-rule=\"nonzero\"\n                        tra...",
                "estack": "AssertionError: Timed out retrying after 4000ms: Unable to find an element with the text: You've Been Invited!. This could be because the text is broken up by multiple elements. In this case, you can provide a function for your text matcher to make your matcher more flexible.\n\nIgnored nodes: comments, script, style\n<html\n  lang=\"en\"\n>\n  <head>\n     \n    \n    \n    \n\n    \n    \n\n    \n    <link\n      crossorigin=\"\"\n      href=\"https://fonts.gstatic.com/\"\n      rel=\"preconnect\"\n    />\n    \n    \n    <link\n      as=\"style\"\n      href=\"https://fonts.googleapis.com/css2?family=Quattrocento&family=PT Mono&display=swap\"\n      onload=\"this.rel='stylesheet'\"\n      rel=\"stylesheet\"\n    />\n    \n\n    \n    <meta\n      charset=\"UTF-8\"\n    />\n    \n    \n    <meta\n      content=\"width=device-width, initial-scale=1.0\"\n      name=\"viewport\"\n    />\n    \n    \n    <title>\n      Ensign by Rotational Labs\n    </title>\n    \n    \n    <meta\n      content=\"Ensign by Rotational Labs\"\n      name=\"description\"\n    />\n    \n\n    \n    <link\n      href=\"/apple-touch-icon.png\"\n      rel=\"apple-touch-icon\"\n    />\n    \n    \n    <link\n      href=\"/favicon-32x32.png\"\n      rel=\"icon\"\n      sizes=\"32x32\"\n      type=\"image/png\"\n    />\n    \n    \n    <link\n      href=\"/favicon-16x16.png\"\n      rel=\"icon\"\n      sizes=\"16x16\"\n      type=\"image/png\"\n    />\n    \n    \n    <link\n      href=\"/manifest.json\"\n      rel=\"manifest\"\n    />\n    \n    \n    <link\n      color=\"#5bbad5\"\n      href=\"/safari-pinned-tab.svg\"\n      rel=\"mask-icon\"\n    />\n    \n\n    \n    <meta\n      content=\"#da532c\"\n      name=\"msapplication-TileColor\"\n    />\n    \n    \n    <meta\n      content=\"#ffffff\"\n      name=\"theme-color\"\n    />\n    \n\n    \n    <meta\n      content=\"website\"\n      property=\"og:type\"\n    />\n    \n    \n    <meta\n      content=\"Ensign by Rotational Labs\"\n      property=\"og:title\"\n    />\n    \n    \n    <meta\n      content=\"Ensign by Rotational Labs\"\n      property=\"og:description\"\n    />\n    \n    \n    <meta\n      content=\"/logo.png\"\n      property=\"og:image\"\n    />\n    \n\n    \n    <meta\n      content=\"Ensign by Rotational Labs\"\n      name=\"twitter:title\"\n    />\n    \n    \n    <meta\n      content=\"Ensign by Rotational Labs\"\n      name=\"twitter:description\"\n    />\n    \n    \n    <meta\n      content=\"/logo.png\"\n      name=\"twitter:image\"\n    />\n    \n\n    \n    <meta\n      content=\"#da532c\"\n      name=\"msapplication-TileColor\"\n    />\n    \n    \n    <meta\n      content=\"#ffffff\"\n      name=\"theme-color\"\n    />\n    \n  \n  </head>\n  \n  \n  <body>\n    \n    \n    <div\n      id=\"root\"\n      style=\"padding: 0px 0px 500px;\"\n    >\n      <aside\n        aria-label=\"React Query Devtools\"\n        class=\"ReactQueryDevtools\"\n      >\n        <div\n          aria-label=\"React Query Devtools Panel\"\n          class=\"ReactQueryDevtoolsPanel\"\n          id=\"ReactQueryDevtoolsPanel\"\n          style=\"font-size: clamp(12px, 1.5vw, 14px); font-family: sans-serif; display: flex; background-color: rgb(11, 21, 33); color: white; height: 500px; position: fixed; direction: ltr; bottom: 0px; border-top: 1px solid rgb(63, 78, 96); transform-origin: center top; box-shadow: rgba(0, 0, 0, 0.3) 0px 0px 20px; z-index: 99999; visibility: visible; transition: all 0.2s ease 0s; opacity: 1; pointer-events: all; transform: translateY(0px) scale(1); left: 0px; width: 100%; max-height: 90%;\"\n        >\n          <div\n            style=\"position: absolute; cursor: row-resize; z-index: 100000; top: 0px; margin-top: -4px; width: 100%; height: 4px;\"\n          />\n          <div\n            style=\"flex: 1 1 500px; min-height: 40%; max-height: 100%; overflow: auto; border-right: 1px solid rgb(34, 46, 62); display: flex; flex-direction: column;\"\n          >\n            <div\n              style=\"padding: 0.5em; background: rgb(19, 35, 55); display: flex; justify-content: space-between; align-items: center;\"\n            >\n              <button\n                aria-controls=\"ReactQueryDevtoolsPanel\"\n                aria-expanded=\"true\"\n                aria-haspopup=\"true\"\n                aria-label=\"Close React Query Devtools\"\n                style=\"display: inline-flex; background: none; border: 0px; padding: 0px; margin-right: 0.5em; cursor: pointer;\"\n                type=\"button\"\n              >\n                <svg\n                  aria-hidden=\"true\"\n                  height=\"40px\"\n                  version=\"1.1\"\n                  viewBox=\"0 0 190 190\"\n                  width=\"40px\"\n                >\n                  <g\n                    fill=\"none\"\n                    fill-rule=\"evenodd\"\n                    stroke=\"none\"\n                    stroke-width=\"1\"\n                  >\n                    <g\n                      transform=\"translate(-33.000000, 0.000000)\"\n                    >\n                      <path\n                        d=\"M72.7239712,61.3436237 C69.631224,46.362877 68.9675112,34.8727722 70.9666331,26.5293551 C72.1555965,21.5671678 74.3293088,17.5190846 77.6346064,14.5984631 C81.1241394,11.5150478 85.5360327,10.0020122 90.493257,10.0020122 C98.6712013,10.0020122 107.26826,13.7273214 116.455725,20.8044264 C120.20312,23.6910458 124.092437,27.170411 128.131651,31.2444746 C128.45314,30.8310265 128.816542,30.4410453 129.22143,30.0806152 C140.64098,19.9149716 150.255245,13.5989272 158.478408,11.1636507 C163.367899,9.715636 167.958526,9.57768202 172.138936,10.983031 C176.551631,12.4664684 180.06766,15.5329489 182.548314,19.8281091 C186.642288,26.9166735 187.721918,36.2310983 186.195595,47.7320243 C185.573451,52.4199112 184.50985,57.5263831 183.007094,63.0593153 C183.574045,63.1277086 184.142416,63.2532808 184.705041,63.4395297 C199.193932,68.2358678 209.453582,73.3937462 215.665021,79.2882839 C219.360669,82.7953831 221.773972,86.6998434 222.646365,91.0218204 C223.567176,95.5836746 222.669313,100.159332 220.191548,104.451297 C216.105211,111.529614 208.591643,117.11221 197.887587,121.534031 C193.589552,123.309539 188.726579,124.917559 183.293259,126.363748 C183.541176,126.92292 183.733521,127.516759 183.862138,128.139758 C186.954886,143.120505 187.618598,154.61061 185.619477,162.954027 C184.430513,167.916214 182.256801,171.964297 178.951503,174.884919 C175.46197,177.968334 171.050077,179.48137 166.092853,179.48137 C157.914908,179.48137 149.31785,175.756061 140.130385,168.678956 C136.343104,165.761613 132.410866,162.238839 128.325434,158.108619 C127.905075,158.765474 127.388968,159.376011 126.77857,159.919385 C115.35902,170.085028 105.744755,176.401073 97.5215915,178.836349 C92.6321009,180.284364 88.0414736,180.422318 83.8610636,179.016969 C79.4483686,177.533532 75.9323404,174.467051 73.4516862,170.171891 C69.3577116,163.083327 68.2780823,153.768902 69.8044053,142.267976 C70.449038,137.410634 71.56762,132.103898 73.1575891,126.339009 C72.5361041,126.276104 71.9120754,126.144816 71.2949591,125.940529 C56.8060684,121.144191 46.5464184,115.986312 40.3349789,110.091775 C36.6393312,106.584675 34.2260275,102.680215 33.3536352,98.3582381 C32.4328237,93.7963839 33.3306866,89.2207269 35.8084524,84.9287618 C39.8947886,77.8504443 47.4083565,72.2678481 58.1124133,67.8460273 C62.5385143,66.0176154 67.5637208,64.366822 73.1939394,62.8874674 C72.9933393,62.3969171 72.8349374,61.8811235 72.7239712,61.3436237 Z\"\n                        fill=\"#002C4B\"\n                        fill-rule=\"nonzero\"\n                        tra...\n    at Context.eval (cypress/e2e/ExistingMember/ExistingMemberHasAcount.ts:9:40)\n    at Context.resolveAndRunStepDefinition (node_modules/cypress-cucumber-preprocessor/lib/resolveStepDefinition.js:193:0)\n    at Context.eval (node_modules/cypress-cucumber-preprocessor/lib/createTestFromScenario.js:27:0)",
                "diff": null
              },
              "uuid": "48f6aa35-77bf-4357-abfb-934457c582b0",
              "parentUUID": "c781b17c-b6f2-4769-8af0-c8123e613529",
              "isHook": false,
              "skipped": false
            },
            {
              "title": "Existing user when he hasn't an account",
              "fullTitle": "Accept member invitation Existing user when he hasn't an account",
              "timedOut": null,
              "duration": 5348,
              "state": "failed",
              "speed": null,
              "pass": false,
              "fail": true,
              "pending": false,
              "context": null,
              "code": "const state = window.testState;\nreturn cy\n  .then(() => state.onStartScenario(scenario, indexedSteps))\n  .then(() =>\n    resolveAndRunBeforeHooks.call(this, scenario.tags, state.feature.name)\n  )\n  .then(() =>\n    indexedSteps.forEach((step) =>\n      stepTest.call(this, state, step, rowData)\n    )\n  )\n  .then(() => state.onFinishScenario(scenario));",
              "err": {
                "message": "AssertionError: Timed out retrying after 4000ms: Unable to find an element with the text: You've Been Invited!. This could be because the text is broken up by multiple elements. In this case, you can provide a function for your text matcher to make your matcher more flexible.\n\nIgnored nodes: comments, script, style\n<html\n  lang=\"en\"\n>\n  <head>\n     \n    \n    \n    \n\n    \n    \n\n    \n    <link\n      crossorigin=\"\"\n      href=\"https://fonts.gstatic.com/\"\n      rel=\"preconnect\"\n    />\n    \n    \n    <link\n      as=\"style\"\n      href=\"https://fonts.googleapis.com/css2?family=Quattrocento&family=PT Mono&display=swap\"\n      onload=\"this.rel='stylesheet'\"\n      rel=\"stylesheet\"\n    />\n    \n\n    \n    <meta\n      charset=\"UTF-8\"\n    />\n    \n    \n    <meta\n      content=\"width=device-width, initial-scale=1.0\"\n      name=\"viewport\"\n    />\n    \n    \n    <title>\n      Ensign by Rotational Labs\n    </title>\n    \n    \n    <meta\n      content=\"Ensign by Rotational Labs\"\n      name=\"description\"\n    />\n    \n\n    \n    <link\n      href=\"/apple-touch-icon.png\"\n      rel=\"apple-touch-icon\"\n    />\n    \n    \n    <link\n      href=\"/favicon-32x32.png\"\n      rel=\"icon\"\n      sizes=\"32x32\"\n      type=\"image/png\"\n    />\n    \n    \n    <link\n      href=\"/favicon-16x16.png\"\n      rel=\"icon\"\n      sizes=\"16x16\"\n      type=\"image/png\"\n    />\n    \n    \n    <link\n      href=\"/manifest.json\"\n      rel=\"manifest\"\n    />\n    \n    \n    <link\n      color=\"#5bbad5\"\n      href=\"/safari-pinned-tab.svg\"\n      rel=\"mask-icon\"\n    />\n    \n\n    \n    <meta\n      content=\"#da532c\"\n      name=\"msapplication-TileColor\"\n    />\n    \n    \n    <meta\n      content=\"#ffffff\"\n      name=\"theme-color\"\n    />\n    \n\n    \n    <meta\n      content=\"website\"\n      property=\"og:type\"\n    />\n    \n    \n    <meta\n      content=\"Ensign by Rotational Labs\"\n      property=\"og:title\"\n    />\n    \n    \n    <meta\n      content=\"Ensign by Rotational Labs\"\n      property=\"og:description\"\n    />\n    \n    \n    <meta\n      content=\"/logo.png\"\n      property=\"og:image\"\n    />\n    \n\n    \n    <meta\n      content=\"Ensign by Rotational Labs\"\n      name=\"twitter:title\"\n    />\n    \n    \n    <meta\n      content=\"Ensign by Rotational Labs\"\n      name=\"twitter:description\"\n    />\n    \n    \n    <meta\n      content=\"/logo.png\"\n      name=\"twitter:image\"\n    />\n    \n\n    \n    <meta\n      content=\"#da532c\"\n      name=\"msapplication-TileColor\"\n    />\n    \n    \n    <meta\n      content=\"#ffffff\"\n      name=\"theme-color\"\n    />\n    \n  \n  </head>\n  \n  \n  <body>\n    \n    \n    <div\n      id=\"root\"\n      style=\"padding: 0px 0px 500px;\"\n    >\n      <aside\n        aria-label=\"React Query Devtools\"\n        class=\"ReactQueryDevtools\"\n      >\n        <div\n          aria-label=\"React Query Devtools Panel\"\n          class=\"ReactQueryDevtoolsPanel\"\n          id=\"ReactQueryDevtoolsPanel\"\n          style=\"font-size: clamp(12px, 1.5vw, 14px); font-family: sans-serif; display: flex; background-color: rgb(11, 21, 33); color: white; height: 500px; position: fixed; direction: ltr; bottom: 0px; border-top: 1px solid rgb(63, 78, 96); transform-origin: center top; box-shadow: rgba(0, 0, 0, 0.3) 0px 0px 20px; z-index: 99999; visibility: visible; transition: all 0.2s ease 0s; opacity: 1; pointer-events: all; transform: translateY(0px) scale(1); left: 0px; width: 100%; max-height: 90%;\"\n        >\n          <div\n            style=\"position: absolute; cursor: row-resize; z-index: 100000; top: 0px; margin-top: -4px; width: 100%; height: 4px;\"\n          />\n          <div\n            style=\"flex: 1 1 500px; min-height: 40%; max-height: 100%; overflow: auto; border-right: 1px solid rgb(34, 46, 62); display: flex; flex-direction: column;\"\n          >\n            <div\n              style=\"padding: 0.5em; background: rgb(19, 35, 55); display: flex; justify-content: space-between; align-items: center;\"\n            >\n              <button\n                aria-controls=\"ReactQueryDevtoolsPanel\"\n                aria-expanded=\"true\"\n                aria-haspopup=\"true\"\n                aria-label=\"Close React Query Devtools\"\n                style=\"display: inline-flex; background: none; border: 0px; padding: 0px; margin-right: 0.5em; cursor: pointer;\"\n                type=\"button\"\n              >\n                <svg\n                  aria-hidden=\"true\"\n                  height=\"40px\"\n                  version=\"1.1\"\n                  viewBox=\"0 0 190 190\"\n                  width=\"40px\"\n                >\n                  <g\n                    fill=\"none\"\n                    fill-rule=\"evenodd\"\n                    stroke=\"none\"\n                    stroke-width=\"1\"\n                  >\n                    <g\n                      transform=\"translate(-33.000000, 0.000000)\"\n                    >\n                      <path\n                        d=\"M72.7239712,61.3436237 C69.631224,46.362877 68.9675112,34.8727722 70.9666331,26.5293551 C72.1555965,21.5671678 74.3293088,17.5190846 77.6346064,14.5984631 C81.1241394,11.5150478 85.5360327,10.0020122 90.493257,10.0020122 C98.6712013,10.0020122 107.26826,13.7273214 116.455725,20.8044264 C120.20312,23.6910458 124.092437,27.170411 128.131651,31.2444746 C128.45314,30.8310265 128.816542,30.4410453 129.22143,30.0806152 C140.64098,19.9149716 150.255245,13.5989272 158.478408,11.1636507 C163.367899,9.715636 167.958526,9.57768202 172.138936,10.983031 C176.551631,12.4664684 180.06766,15.5329489 182.548314,19.8281091 C186.642288,26.9166735 187.721918,36.2310983 186.195595,47.7320243 C185.573451,52.4199112 184.50985,57.5263831 183.007094,63.0593153 C183.574045,63.1277086 184.142416,63.2532808 184.705041,63.4395297 C199.193932,68.2358678 209.453582,73.3937462 215.665021,79.2882839 C219.360669,82.7953831 221.773972,86.6998434 222.646365,91.0218204 C223.567176,95.5836746 222.669313,100.159332 220.191548,104.451297 C216.105211,111.529614 208.591643,117.11221 197.887587,121.534031 C193.589552,123.309539 188.726579,124.917559 183.293259,126.363748 C183.541176,126.92292 183.733521,127.516759 183.862138,128.139758 C186.954886,143.120505 187.618598,154.61061 185.619477,162.954027 C184.430513,167.916214 182.256801,171.964297 178.951503,174.884919 C175.46197,177.968334 171.050077,179.48137 166.092853,179.48137 C157.914908,179.48137 149.31785,175.756061 140.130385,168.678956 C136.343104,165.761613 132.410866,162.238839 128.325434,158.108619 C127.905075,158.765474 127.388968,159.376011 126.77857,159.919385 C115.35902,170.085028 105.744755,176.401073 97.5215915,178.836349 C92.6321009,180.284364 88.0414736,180.422318 83.8610636,179.016969 C79.4483686,177.533532 75.9323404,174.467051 73.4516862,170.171891 C69.3577116,163.083327 68.2780823,153.768902 69.8044053,142.267976 C70.449038,137.410634 71.56762,132.103898 73.1575891,126.339009 C72.5361041,126.276104 71.9120754,126.144816 71.2949591,125.940529 C56.8060684,121.144191 46.5464184,115.986312 40.3349789,110.091775 C36.6393312,106.584675 34.2260275,102.680215 33.3536352,98.3582381 C32.4328237,93.7963839 33.3306866,89.2207269 35.8084524,84.9287618 C39.8947886,77.8504443 47.4083565,72.2678481 58.1124133,67.8460273 C62.5385143,66.0176154 67.5637208,64.366822 73.1939394,62.8874674 C72.9933393,62.3969171 72.8349374,61.8811235 72.7239712,61.3436237 Z\"\n                        fill=\"#002C4B\"\n                        fill-rule=\"nonzero\"\n                        tra...",
                "estack": "AssertionError: Timed out retrying after 4000ms: Unable to find an element with the text: You've Been Invited!. This could be because the text is broken up by multiple elements. In this case, you can provide a function for your text matcher to make your matcher more flexible.\n\nIgnored nodes: comments, script, style\n<html\n  lang=\"en\"\n>\n  <head>\n     \n    \n    \n    \n\n    \n    \n\n    \n    <link\n      crossorigin=\"\"\n      href=\"https://fonts.gstatic.com/\"\n      rel=\"preconnect\"\n    />\n    \n    \n    <link\n      as=\"style\"\n      href=\"https://fonts.googleapis.com/css2?family=Quattrocento&family=PT Mono&display=swap\"\n      onload=\"this.rel='stylesheet'\"\n      rel=\"stylesheet\"\n    />\n    \n\n    \n    <meta\n      charset=\"UTF-8\"\n    />\n    \n    \n    <meta\n      content=\"width=device-width, initial-scale=1.0\"\n      name=\"viewport\"\n    />\n    \n    \n    <title>\n      Ensign by Rotational Labs\n    </title>\n    \n    \n    <meta\n      content=\"Ensign by Rotational Labs\"\n      name=\"description\"\n    />\n    \n\n    \n    <link\n      href=\"/apple-touch-icon.png\"\n      rel=\"apple-touch-icon\"\n    />\n    \n    \n    <link\n      href=\"/favicon-32x32.png\"\n      rel=\"icon\"\n      sizes=\"32x32\"\n      type=\"image/png\"\n    />\n    \n    \n    <link\n      href=\"/favicon-16x16.png\"\n      rel=\"icon\"\n      sizes=\"16x16\"\n      type=\"image/png\"\n    />\n    \n    \n    <link\n      href=\"/manifest.json\"\n      rel=\"manifest\"\n    />\n    \n    \n    <link\n      color=\"#5bbad5\"\n      href=\"/safari-pinned-tab.svg\"\n      rel=\"mask-icon\"\n    />\n    \n\n    \n    <meta\n      content=\"#da532c\"\n      name=\"msapplication-TileColor\"\n    />\n    \n    \n    <meta\n      content=\"#ffffff\"\n      name=\"theme-color\"\n    />\n    \n\n    \n    <meta\n      content=\"website\"\n      property=\"og:type\"\n    />\n    \n    \n    <meta\n      content=\"Ensign by Rotational Labs\"\n      property=\"og:title\"\n    />\n    \n    \n    <meta\n      content=\"Ensign by Rotational Labs\"\n      property=\"og:description\"\n    />\n    \n    \n    <meta\n      content=\"/logo.png\"\n      property=\"og:image\"\n    />\n    \n\n    \n    <meta\n      content=\"Ensign by Rotational Labs\"\n      name=\"twitter:title\"\n    />\n    \n    \n    <meta\n      content=\"Ensign by Rotational Labs\"\n      name=\"twitter:description\"\n    />\n    \n    \n    <meta\n      content=\"/logo.png\"\n      name=\"twitter:image\"\n    />\n    \n\n    \n    <meta\n      content=\"#da532c\"\n      name=\"msapplication-TileColor\"\n    />\n    \n    \n    <meta\n      content=\"#ffffff\"\n      name=\"theme-color\"\n    />\n    \n  \n  </head>\n  \n  \n  <body>\n    \n    \n    <div\n      id=\"root\"\n      style=\"padding: 0px 0px 500px;\"\n    >\n      <aside\n        aria-label=\"React Query Devtools\"\n        class=\"ReactQueryDevtools\"\n      >\n        <div\n          aria-label=\"React Query Devtools Panel\"\n          class=\"ReactQueryDevtoolsPanel\"\n          id=\"ReactQueryDevtoolsPanel\"\n          style=\"font-size: clamp(12px, 1.5vw, 14px); font-family: sans-serif; display: flex; background-color: rgb(11, 21, 33); color: white; height: 500px; position: fixed; direction: ltr; bottom: 0px; border-top: 1px solid rgb(63, 78, 96); transform-origin: center top; box-shadow: rgba(0, 0, 0, 0.3) 0px 0px 20px; z-index: 99999; visibility: visible; transition: all 0.2s ease 0s; opacity: 1; pointer-events: all; transform: translateY(0px) scale(1); left: 0px; width: 100%; max-height: 90%;\"\n        >\n          <div\n            style=\"position: absolute; cursor: row-resize; z-index: 100000; top: 0px; margin-top: -4px; width: 100%; height: 4px;\"\n          />\n          <div\n            style=\"flex: 1 1 500px; min-height: 40%; max-height: 100%; overflow: auto; border-right: 1px solid rgb(34, 46, 62); display: flex; flex-direction: column;\"\n          >\n            <div\n              style=\"padding: 0.5em; background: rgb(19, 35, 55); display: flex; justify-content: space-between; align-items: center;\"\n            >\n              <button\n                aria-controls=\"ReactQueryDevtoolsPanel\"\n                aria-expanded=\"true\"\n                aria-haspopup=\"true\"\n                aria-label=\"Close React Query Devtools\"\n                style=\"display: inline-flex; background: none; border: 0px; padding: 0px; margin-right: 0.5em; cursor: pointer;\"\n                type=\"button\"\n              >\n                <svg\n                  aria-hidden=\"true\"\n                  height=\"40px\"\n                  version=\"1.1\"\n                  viewBox=\"0 0 190 190\"\n                  width=\"40px\"\n                >\n                  <g\n                    fill=\"none\"\n                    fill-rule=\"evenodd\"\n                    stroke=\"none\"\n                    stroke-width=\"1\"\n                  >\n                    <g\n                      transform=\"translate(-33.000000, 0.000000)\"\n                    >\n                      <path\n                        d=\"M72.7239712,61.3436237 C69.631224,46.362877 68.9675112,34.8727722 70.9666331,26.5293551 C72.1555965,21.5671678 74.3293088,17.5190846 77.6346064,14.5984631 C81.1241394,11.5150478 85.5360327,10.0020122 90.493257,10.0020122 C98.6712013,10.0020122 107.26826,13.7273214 116.455725,20.8044264 C120.20312,23.6910458 124.092437,27.170411 128.131651,31.2444746 C128.45314,30.8310265 128.816542,30.4410453 129.22143,30.0806152 C140.64098,19.9149716 150.255245,13.5989272 158.478408,11.1636507 C163.367899,9.715636 167.958526,9.57768202 172.138936,10.983031 C176.551631,12.4664684 180.06766,15.5329489 182.548314,19.8281091 C186.642288,26.9166735 187.721918,36.2310983 186.195595,47.7320243 C185.573451,52.4199112 184.50985,57.5263831 183.007094,63.0593153 C183.574045,63.1277086 184.142416,63.2532808 184.705041,63.4395297 C199.193932,68.2358678 209.453582,73.3937462 215.665021,79.2882839 C219.360669,82.7953831 221.773972,86.6998434 222.646365,91.0218204 C223.567176,95.5836746 222.669313,100.159332 220.191548,104.451297 C216.105211,111.529614 208.591643,117.11221 197.887587,121.534031 C193.589552,123.309539 188.726579,124.917559 183.293259,126.363748 C183.541176,126.92292 183.733521,127.516759 183.862138,128.139758 C186.954886,143.120505 187.618598,154.61061 185.619477,162.954027 C184.430513,167.916214 182.256801,171.964297 178.951503,174.884919 C175.46197,177.968334 171.050077,179.48137 166.092853,179.48137 C157.914908,179.48137 149.31785,175.756061 140.130385,168.678956 C136.343104,165.761613 132.410866,162.238839 128.325434,158.108619 C127.905075,158.765474 127.388968,159.376011 126.77857,159.919385 C115.35902,170.085028 105.744755,176.401073 97.5215915,178.836349 C92.6321009,180.284364 88.0414736,180.422318 83.8610636,179.016969 C79.4483686,177.533532 75.9323404,174.467051 73.4516862,170.171891 C69.3577116,163.083327 68.2780823,153.768902 69.8044053,142.267976 C70.449038,137.410634 71.56762,132.103898 73.1575891,126.339009 C72.5361041,126.276104 71.9120754,126.144816 71.2949591,125.940529 C56.8060684,121.144191 46.5464184,115.986312 40.3349789,110.091775 C36.6393312,106.584675 34.2260275,102.680215 33.3536352,98.3582381 C32.4328237,93.7963839 33.3306866,89.2207269 35.8084524,84.9287618 C39.8947886,77.8504443 47.4083565,72.2678481 58.1124133,67.8460273 C62.5385143,66.0176154 67.5637208,64.366822 73.1939394,62.8874674 C72.9933393,62.3969171 72.8349374,61.8811235 72.7239712,61.3436237 Z\"\n                        fill=\"#002C4B\"\n                        fill-rule=\"nonzero\"\n                        tra...\n    at Context.eval (cypress/e2e/ExistingMember/ExistingMemberHasNotAcount.ts:9:40)\n    at Context.resolveAndRunStepDefinition (node_modules/cypress-cucumber-preprocessor/lib/resolveStepDefinition.js:193:0)\n    at Context.eval (node_modules/cypress-cucumber-preprocessor/lib/createTestFromScenario.js:27:0)",
                "diff": null
              },
              "uuid": "b8523a06-64e6-490e-b554-4e867fbfc73c",
              "parentUUID": "c781b17c-b6f2-4769-8af0-c8123e613529",
              "isHook": false,
              "skipped": false
            }
          ],
          "suites": [],
          "passes": [],
          "failures": [
            "48f6aa35-77bf-4357-abfb-934457c582b0",
            "b8523a06-64e6-490e-b554-4e867fbfc73c"
          ],
          "pending": [],
          "skipped": [],
          "duration": 10833,
          "root": false,
          "rootEmpty": false,
          "_timeout": 2000
        }
      ],
      "passes": [],
      "failures": [],
      "pending": [],
      "skipped": [],
      "duration": 0,
      "root": true,
      "rootEmpty": true,
      "_timeout": 2000
    }
  ],
  "meta": {
    "mocha": {
      "version": "7.0.1"
    },
    "mochawesome": {
      "options": {
        "quiet": false,
        "reportFilename": "mochawesome",
        "saveHtml": false,
        "saveJson": true,
        "consoleReporter": "spec",
        "useInlineDiffs": false,
        "code": true
      },
      "version": "7.1.3"
    },
    "marge": {
      "options": {
        "reporterEnabled": [
          "mochawesome"
        ],
        "mochawesomeReporterOptions": {
          "reportDir": "cypress/results",
          "overwrite": false,
          "html": false,
          "json": true
        },
        "reportDir": "cypress/reports",
        "overwrite": false,
        "html": false,
        "json": true
      },
      "version": "6.2.0"
    }
  }
}