{
  "stats": {
    "suites": 1,
    "tests": 1,
    "passes": 0,
    "pending": 0,
    "failures": 1,
    "start": "2023-10-03T08:02:09.328Z",
    "end": "2023-10-03T08:02:21.732Z",
    "duration": 12404,
    "testsRegistered": 1,
    "passPercent": 0,
    "pendingPercent": 0,
    "other": 0,
    "hasOther": false,
    "skipped": 0,
    "hasSkipped": false
  },
  "results": [
    {
      "uuid": "62dbc5ee-7605-4ff5-a721-616cd206d1e7",
      "title": "",
      "fullFile": "cypress/e2e/GenerateAPIKey.feature",
      "file": "cypress/e2e/GenerateAPIKey.feature",
      "beforeHooks": [],
      "afterHooks": [],
      "tests": [],
      "suites": [
        {
          "uuid": "e5fc1678-e688-4ae9-a656-6530c5752a61",
          "title": "Generate API Key",
          "fullFile": "",
          "file": "",
          "beforeHooks": [],
          "afterHooks": [],
          "tests": [
            {
              "title": "Generating an API Key workflow",
              "fullTitle": "Generate API Key Generating an API Key workflow",
              "timedOut": null,
              "duration": 5779,
              "state": "failed",
              "speed": null,
              "pass": false,
              "fail": true,
              "pending": false,
              "context": null,
              "code": "const state = window.testState;\nreturn cy\n  .then(() => state.onStartScenario(scenario, indexedSteps))\n  .then(() =>\n    resolveAndRunBeforeHooks.call(this, scenario.tags, state.feature.name)\n  )\n  .then(() =>\n    indexedSteps.forEach((step) =>\n      stepTest.call(this, state, step, rowData)\n    )\n  )\n  .then(() => state.onFinishScenario(scenario));",
              "err": {
                "message": "AssertionError: Timed out retrying after 4000ms: expected 'http://localhost:3000/' to include 'app'",
                "estack": "AssertionError: Timed out retrying after 4000ms: expected 'http://localhost:3000/' to include 'app'\n    at Context.eval (cypress/e2e/GenerateAPIKey/GenerateAPIKey.ts:8:13)\n    at Context.resolveAndRunStepDefinition (node_modules/cypress-cucumber-preprocessor/lib/resolveStepDefinition.js:193:0)\n    at Context.eval (node_modules/cypress-cucumber-preprocessor/lib/createTestFromScenario.js:27:0)",
                "diff": null
              },
              "uuid": "ca4ca2d7-1928-4c2e-8dbc-8a7f1143016e",
              "parentUUID": "e5fc1678-e688-4ae9-a656-6530c5752a61",
              "isHook": false,
              "skipped": false
            }
          ],
          "suites": [],
          "passes": [],
          "failures": [
            "ca4ca2d7-1928-4c2e-8dbc-8a7f1143016e"
          ],
          "pending": [],
          "skipped": [],
          "duration": 5779,
          "root": false,
          "rootEmpty": false,
          "_timeout": 2000
        }
      ],
      "passes": [],
      "failures": [],
      "pending": [],
      "skipped": [],
      "duration": 0,
      "root": true,
      "rootEmpty": true,
      "_timeout": 2000
    }
  ],
  "meta": {
    "mocha": {
      "version": "7.0.1"
    },
    "mochawesome": {
      "options": {
        "quiet": false,
        "reportFilename": "mochawesome",
        "saveHtml": false,
        "saveJson": true,
        "consoleReporter": "spec",
        "useInlineDiffs": false,
        "code": true
      },
      "version": "7.1.3"
    },
    "marge": {
      "options": {
        "reporterEnabled": [
          "mochawesome"
        ],
        "mochawesomeReporterOptions": {
          "reportDir": "cypress/results",
          "overwrite": false,
          "html": false,
          "json": true
        },
        "reportDir": "cypress/reports",
        "overwrite": false,
        "html": false,
        "json": true
      },
      "version": "6.2.0"
    }
  }
}