{
  "stats": {
    "suites": 1,
    "tests": 1,
    "passes": 0,
    "pending": 0,
    "failures": 1,
    "start": "2023-10-03T08:02:26.586Z",
    "end": "2023-10-03T08:02:38.640Z",
    "duration": 12054,
    "testsRegistered": 1,
    "passPercent": 0,
    "pendingPercent": 0,
    "other": 0,
    "hasOther": false,
    "skipped": 0,
    "hasSkipped": false
  },
  "results": [
    {
      "uuid": "ef1c6a9e-41b5-4f87-ab0c-61c778576988",
      "title": "",
      "fullFile": "cypress/e2e/HomePage.feature",
      "file": "cypress/e2e/HomePage.feature",
      "beforeHooks": [],
      "afterHooks": [],
      "tests": [],
      "suites": [
        {
          "uuid": "6cc3ce6b-80d2-4bc2-a2e3-3f234a294c08",
          "title": "Beacon Main Page",
          "fullFile": "",
          "file": "",
          "beforeHooks": [],
          "afterHooks": [],
          "tests": [
            {
              "title": "Navigating the Beacon main page",
              "fullTitle": "Beacon Main Page Navigating the Beacon main page",
              "timedOut": null,
              "duration": 5673,
              "state": "failed",
              "speed": null,
              "pass": false,
              "fail": true,
              "pending": false,
              "context": null,
              "code": "const state = window.testState;\nreturn cy\n  .then(() => state.onStartScenario(scenario, indexedSteps))\n  .then(() =>\n    resolveAndRunBeforeHooks.call(this, scenario.tags, state.feature.name)\n  )\n  .then(() =>\n    indexedSteps.forEach((step) =>\n      stepTest.call(this, state, step, rowData)\n    )\n  )\n  .then(() => state.onFinishScenario(scenario));",
              "err": {
                "message": "AssertionError: Timed out retrying after 4000ms: expected 'http://localhost:3000/' to include 'app'",
                "estack": "AssertionError: Timed out retrying after 4000ms: expected 'http://localhost:3000/' to include 'app'\n    at Context.eval (cypress/e2e/HomePage/HomePage.ts:8:11)\n    at Context.resolveAndRunStepDefinition (node_modules/cypress-cucumber-preprocessor/lib/resolveStepDefinition.js:193:0)\n    at Context.eval (node_modules/cypress-cucumber-preprocessor/lib/createTestFromScenario.js:27:0)",
                "diff": null
              },
              "uuid": "78897e40-0d3f-41f5-bed3-666a9b3bd6c9",
              "parentUUID": "6cc3ce6b-80d2-4bc2-a2e3-3f234a294c08",
              "isHook": false,
              "skipped": false
            }
          ],
          "suites": [],
          "passes": [],
          "failures": [
            "78897e40-0d3f-41f5-bed3-666a9b3bd6c9"
          ],
          "pending": [],
          "skipped": [],
          "duration": 5673,
          "root": false,
          "rootEmpty": false,
          "_timeout": 2000
        }
      ],
      "passes": [],
      "failures": [],
      "pending": [],
      "skipped": [],
      "duration": 0,
      "root": true,
      "rootEmpty": true,
      "_timeout": 2000
    }
  ],
  "meta": {
    "mocha": {
      "version": "7.0.1"
    },
    "mochawesome": {
      "options": {
        "quiet": false,
        "reportFilename": "mochawesome",
        "saveHtml": false,
        "saveJson": true,
        "consoleReporter": "spec",
        "useInlineDiffs": false,
        "code": true
      },
      "version": "7.1.3"
    },
    "marge": {
      "options": {
        "reporterEnabled": [
          "mochawesome"
        ],
        "mochawesomeReporterOptions": {
          "reportDir": "cypress/results",
          "overwrite": false,
          "html": false,
          "json": true
        },
        "reportDir": "cypress/reports",
        "overwrite": false,
        "html": false,
        "json": true
      },
      "version": "6.2.0"
    }
  }
}